2021-04-05 11:45:36 error: uncaughtException: Cannot find module '../../controllers/auth.controller'
Require stack:
- /home/mohaned/mohaned/SigmaPRO/hubspot/src/routes/auth/auth.route.ts
- /home/mohaned/mohaned/SigmaPRO/hubspot/src/server.ts
Error: Cannot find module '../../controllers/auth.controller'
Require stack:
- /home/mohaned/mohaned/SigmaPRO/hubspot/src/routes/auth/auth.route.ts
- /home/mohaned/mohaned/SigmaPRO/hubspot/src/server.ts
    at Function.Module._resolveFilename (internal/modules/cjs/loader.js:793:17)
    at Function.Module._load (internal/modules/cjs/loader.js:686:27)
    at Module.require (internal/modules/cjs/loader.js:848:19)
    at require (internal/modules/cjs/helpers.js:74:18)
    at Object.<anonymous> (/home/mohaned/mohaned/SigmaPRO/hubspot/src/routes/auth/auth.route.ts:2:1)
    at Module._compile (internal/modules/cjs/loader.js:955:30)
    at Module.m._compile (/home/mohaned/mohaned/SigmaPRO/hubspot/node_modules/ts-node/src/index.ts:1056:23)
    at Module._extensions..js (internal/modules/cjs/loader.js:991:10)
    at Object.require.extensions.<computed> [as .ts] (/home/mohaned/mohaned/SigmaPRO/hubspot/node_modules/ts-node/src/index.ts:1059:12)
    at Module.load (internal/modules/cjs/loader.js:811:32)
    at Function.Module._load (internal/modules/cjs/loader.js:723:14)
    at Module.require (internal/modules/cjs/loader.js:848:19)
    at require (internal/modules/cjs/helpers.js:74:18)
    at Object.<anonymous> (/home/mohaned/mohaned/SigmaPRO/hubspot/src/server.ts:4:1)
    at Module._compile (internal/modules/cjs/loader.js:955:30)
    at Module.m._compile (/home/mohaned/mohaned/SigmaPRO/hubspot/node_modules/ts-node/src/index.ts:1056:23)
2021-04-05 11:46:13 error: uncaughtException: Cannot find module '../../controllers/auth.controller'
Require stack:
- /home/mohaned/mohaned/SigmaPRO/hubspot/src/routes/auth/auth.route.ts
- /home/mohaned/mohaned/SigmaPRO/hubspot/src/server.ts
Error: Cannot find module '../../controllers/auth.controller'
Require stack:
- /home/mohaned/mohaned/SigmaPRO/hubspot/src/routes/auth/auth.route.ts
- /home/mohaned/mohaned/SigmaPRO/hubspot/src/server.ts
    at Function.Module._resolveFilename (internal/modules/cjs/loader.js:793:17)
    at Function.Module._load (internal/modules/cjs/loader.js:686:27)
    at Module.require (internal/modules/cjs/loader.js:848:19)
    at require (internal/modules/cjs/helpers.js:74:18)
    at Object.<anonymous> (/home/mohaned/mohaned/SigmaPRO/hubspot/src/routes/auth/auth.route.ts:2:1)
    at Module._compile (internal/modules/cjs/loader.js:955:30)
    at Module.m._compile (/home/mohaned/mohaned/SigmaPRO/hubspot/node_modules/ts-node/src/index.ts:1056:23)
    at Module._extensions..js (internal/modules/cjs/loader.js:991:10)
    at Object.require.extensions.<computed> [as .ts] (/home/mohaned/mohaned/SigmaPRO/hubspot/node_modules/ts-node/src/index.ts:1059:12)
    at Module.load (internal/modules/cjs/loader.js:811:32)
    at Function.Module._load (internal/modules/cjs/loader.js:723:14)
    at Module.require (internal/modules/cjs/loader.js:848:19)
    at require (internal/modules/cjs/helpers.js:74:18)
    at Object.<anonymous> (/home/mohaned/mohaned/SigmaPRO/hubspot/src/server.ts:4:1)
    at Module._compile (internal/modules/cjs/loader.js:955:30)
    at Module.m._compile (/home/mohaned/mohaned/SigmaPRO/hubspot/node_modules/ts-node/src/index.ts:1056:23)
2021-04-05 11:47:02 error: uncaughtException: Cannot find module '../../models'
Require stack:
- /home/mohaned/mohaned/SigmaPRO/hubspot/src/services/users/users.service.ts
- /home/mohaned/mohaned/SigmaPRO/hubspot/src/controllers/users.controller.ts
- /home/mohaned/mohaned/SigmaPRO/hubspot/src/routes/users/users.route.ts
- /home/mohaned/mohaned/SigmaPRO/hubspot/src/server.ts
Error: Cannot find module '../../models'
Require stack:
- /home/mohaned/mohaned/SigmaPRO/hubspot/src/services/users/users.service.ts
- /home/mohaned/mohaned/SigmaPRO/hubspot/src/controllers/users.controller.ts
- /home/mohaned/mohaned/SigmaPRO/hubspot/src/routes/users/users.route.ts
- /home/mohaned/mohaned/SigmaPRO/hubspot/src/server.ts
    at Function.Module._resolveFilename (internal/modules/cjs/loader.js:793:17)
    at Function.Module._load (internal/modules/cjs/loader.js:686:27)
    at Module.require (internal/modules/cjs/loader.js:848:19)
    at require (internal/modules/cjs/helpers.js:74:18)
    at Object.<anonymous> (/home/mohaned/mohaned/SigmaPRO/hubspot/src/services/users/users.service.ts:4:1)
    at Module._compile (internal/modules/cjs/loader.js:955:30)
    at Module.m._compile (/home/mohaned/mohaned/SigmaPRO/hubspot/node_modules/ts-node/src/index.ts:1056:23)
    at Module._extensions..js (internal/modules/cjs/loader.js:991:10)
    at Object.require.extensions.<computed> [as .ts] (/home/mohaned/mohaned/SigmaPRO/hubspot/node_modules/ts-node/src/index.ts:1059:12)
    at Module.load (internal/modules/cjs/loader.js:811:32)
    at Function.Module._load (internal/modules/cjs/loader.js:723:14)
    at Module.require (internal/modules/cjs/loader.js:848:19)
    at require (internal/modules/cjs/helpers.js:74:18)
    at Object.<anonymous> (/home/mohaned/mohaned/SigmaPRO/hubspot/src/controllers/users.controller.ts:3:1)
    at Module._compile (internal/modules/cjs/loader.js:955:30)
    at Module.m._compile (/home/mohaned/mohaned/SigmaPRO/hubspot/node_modules/ts-node/src/index.ts:1056:23)
2021-04-05 11:47:20 error: uncaughtException: Cannot find module '../../models'
Require stack:
- /home/mohaned/mohaned/SigmaPRO/hubspot/src/services/users/users.service.ts
- /home/mohaned/mohaned/SigmaPRO/hubspot/src/controllers/users.controller.ts
- /home/mohaned/mohaned/SigmaPRO/hubspot/src/routes/users/users.route.ts
- /home/mohaned/mohaned/SigmaPRO/hubspot/src/server.ts
Error: Cannot find module '../../models'
Require stack:
- /home/mohaned/mohaned/SigmaPRO/hubspot/src/services/users/users.service.ts
- /home/mohaned/mohaned/SigmaPRO/hubspot/src/controllers/users.controller.ts
- /home/mohaned/mohaned/SigmaPRO/hubspot/src/routes/users/users.route.ts
- /home/mohaned/mohaned/SigmaPRO/hubspot/src/server.ts
    at Function.Module._resolveFilename (internal/modules/cjs/loader.js:793:17)
    at Function.Module._load (internal/modules/cjs/loader.js:686:27)
    at Module.require (internal/modules/cjs/loader.js:848:19)
    at require (internal/modules/cjs/helpers.js:74:18)
    at Object.<anonymous> (/home/mohaned/mohaned/SigmaPRO/hubspot/src/services/users/users.service.ts:4:1)
    at Module._compile (internal/modules/cjs/loader.js:955:30)
    at Module.m._compile (/home/mohaned/mohaned/SigmaPRO/hubspot/node_modules/ts-node/src/index.ts:1056:23)
    at Module._extensions..js (internal/modules/cjs/loader.js:991:10)
    at Object.require.extensions.<computed> [as .ts] (/home/mohaned/mohaned/SigmaPRO/hubspot/node_modules/ts-node/src/index.ts:1059:12)
    at Module.load (internal/modules/cjs/loader.js:811:32)
    at Function.Module._load (internal/modules/cjs/loader.js:723:14)
    at Module.require (internal/modules/cjs/loader.js:848:19)
    at require (internal/modules/cjs/helpers.js:74:18)
    at Object.<anonymous> (/home/mohaned/mohaned/SigmaPRO/hubspot/src/controllers/users.controller.ts:3:1)
    at Module._compile (internal/modules/cjs/loader.js:955:30)
    at Module.m._compile (/home/mohaned/mohaned/SigmaPRO/hubspot/node_modules/ts-node/src/index.ts:1056:23)
2021-04-05 11:47:39 error: uncaughtException: Cannot find module '../../models'
Require stack:
- /home/mohaned/mohaned/SigmaPRO/hubspot/src/services/users/users.service.ts
- /home/mohaned/mohaned/SigmaPRO/hubspot/src/controllers/users.controller.ts
- /home/mohaned/mohaned/SigmaPRO/hubspot/src/routes/users/users.route.ts
- /home/mohaned/mohaned/SigmaPRO/hubspot/src/server.ts
Error: Cannot find module '../../models'
Require stack:
- /home/mohaned/mohaned/SigmaPRO/hubspot/src/services/users/users.service.ts
- /home/mohaned/mohaned/SigmaPRO/hubspot/src/controllers/users.controller.ts
- /home/mohaned/mohaned/SigmaPRO/hubspot/src/routes/users/users.route.ts
- /home/mohaned/mohaned/SigmaPRO/hubspot/src/server.ts
    at Function.Module._resolveFilename (internal/modules/cjs/loader.js:793:17)
    at Function.Module._load (internal/modules/cjs/loader.js:686:27)
    at Module.require (internal/modules/cjs/loader.js:848:19)
    at require (internal/modules/cjs/helpers.js:74:18)
    at Object.<anonymous> (/home/mohaned/mohaned/SigmaPRO/hubspot/src/services/users/users.service.ts:4:1)
    at Module._compile (internal/modules/cjs/loader.js:955:30)
    at Module.m._compile (/home/mohaned/mohaned/SigmaPRO/hubspot/node_modules/ts-node/src/index.ts:1056:23)
    at Module._extensions..js (internal/modules/cjs/loader.js:991:10)
    at Object.require.extensions.<computed> [as .ts] (/home/mohaned/mohaned/SigmaPRO/hubspot/node_modules/ts-node/src/index.ts:1059:12)
    at Module.load (internal/modules/cjs/loader.js:811:32)
    at Function.Module._load (internal/modules/cjs/loader.js:723:14)
    at Module.require (internal/modules/cjs/loader.js:848:19)
    at require (internal/modules/cjs/helpers.js:74:18)
    at Object.<anonymous> (/home/mohaned/mohaned/SigmaPRO/hubspot/src/controllers/users.controller.ts:3:1)
    at Module._compile (internal/modules/cjs/loader.js:955:30)
    at Module.m._compile (/home/mohaned/mohaned/SigmaPRO/hubspot/node_modules/ts-node/src/index.ts:1056:23)
